Determining if the pthread_create exist failed with the following output:
Change Dir: /home/ur3/catkin_aol3/build/CMakeFiles/CMakeTmp

Run Build Command:"/usr/bin/make" "cmTC_ba41e/fast"
/usr/bin/make -f CMakeFiles/cmTC_ba41e.dir/build.make CMakeFiles/cmTC_ba41e.dir/build
make[1]: Entering directory '/home/ur3/catkin_aol3/build/CMakeFiles/CMakeTmp'
Building C object CMakeFiles/cmTC_ba41e.dir/CheckSymbolExists.c.o
/usr/bin/cc     -o CMakeFiles/cmTC_ba41e.dir/CheckSymbolExists.c.o   -c /home/ur3/catkin_aol3/build/CMakeFiles/CMakeTmp/CheckSymbolExists.c
Linking C executable cmTC_ba41e
/usr/bin/cmake -E cmake_link_script CMakeFiles/cmTC_ba41e.dir/link.txt --verbose=1
/usr/bin/cc       CMakeFiles/cmTC_ba41e.dir/CheckSymbolExists.c.o  -o cmTC_ba41e -rdynamic 
CMakeFiles/cmTC_ba41e.dir/CheckSymbolExists.c.o: In function `main':
CheckSymbolExists.c:(.text+0x16): undefined reference to `pthread_create'
collect2: error: ld returned 1 exit status
CMakeFiles/cmTC_ba41e.dir/build.make:97: recipe for target 'cmTC_ba41e' failed
make[1]: *** [cmTC_ba41e] Error 1
make[1]: Leaving directory '/home/ur3/catkin_aol3/build/CMakeFiles/CMakeTmp'
Makefile:126: recipe for target 'cmTC_ba41e/fast' failed
make: *** [cmTC_ba41e/fast] Error 2

File /home/ur3/catkin_aol3/build/CMakeFiles/CMakeTmp/CheckSymbolExists.c:
/* */
#include <pthread.h>

int main(int argc, char** argv)
{
  (void)argv;
#ifndef pthread_create
  return ((int*)(&pthread_create))[argc];
#else
  (void)argc;
  return 0;
#endif
}

Determining if the function pthread_create exists in the pthreads failed with the following output:
Change Dir: /home/ur3/catkin_aol3/build/CMakeFiles/CMakeTmp

Run Build Command:"/usr/bin/make" "cmTC_42b1e/fast"
/usr/bin/make -f CMakeFiles/cmTC_42b1e.dir/build.make CMakeFiles/cmTC_42b1e.dir/build
make[1]: Entering directory '/home/ur3/catkin_aol3/build/CMakeFiles/CMakeTmp'
Building C object CMakeFiles/cmTC_42b1e.dir/CheckFunctionExists.c.o
/usr/bin/cc    -DCHECK_FUNCTION_EXISTS=pthread_create   -o CMakeFiles/cmTC_42b1e.dir/CheckFunctionExists.c.o   -c /usr/share/cmake-3.5/Modules/CheckFunctionExists.c
Linking C executable cmTC_42b1e
/usr/bin/cmake -E cmake_link_script CMakeFiles/cmTC_42b1e.dir/link.txt --verbose=1
/usr/bin/cc   -DCHECK_FUNCTION_EXISTS=pthread_create    CMakeFiles/cmTC_42b1e.dir/CheckFunctionExists.c.o  -o cmTC_42b1e -rdynamic -lpthreads 
/usr/bin/ld: cannot find -lpthreads
collect2: error: ld returned 1 exit status
CMakeFiles/cmTC_42b1e.dir/build.make:97: recipe for target 'cmTC_42b1e' failed
make[1]: *** [cmTC_42b1e] Error 1
make[1]: Leaving directory '/home/ur3/catkin_aol3/build/CMakeFiles/CMakeTmp'
Makefile:126: recipe for target 'cmTC_42b1e/fast' failed
make: *** [cmTC_42b1e/fast] Error 2


